<?xml version="1.0" encoding="UTF-8"?>
<!-- Generated by org.testng.reporters.JUnitXMLReporter -->
<testsuite ignored="0" hostname="ranga" failures="0" tests="3" name="Default test" time="25.821" errors="0" timestamp="24 Aug 2022 05:51:43 GMT">
  <testcase classname="com.crm.qa.testcases.LoginPageTest" name="loginPageTitleTest" time="0.023"/>
  <testcase classname="com.crm.qa.testcases.LoginPageTest" name="crmLogoImageTest" time="0.113"/>
  <testcase classname="com.crm.qa.testcases.LoginPageTest" name="loginTest" time="6.382"/>
</testsuite> <!-- Default test -->
