<?xml version="1.0" encoding="UTF-8"?>
<!-- Generated by org.testng.reporters.JUnitXMLReporter -->
<testsuite ignored="3" hostname="ranga" failures="0" tests="1" name="Default test" time="16.109" errors="0" timestamp="21 Aug 2022 13:13:29 GMT">
  <testcase classname="com.crm.qa.testcases.ContactsPageTest" name="selectMultipleContctsTest" time="2.209"/>
  <testcase classname="com.crm.qa.testcases.ContactsPageTest" name="verifyContactsLabelTest" time="0.0">
    <ignored/>
  </testcase> <!-- verifyContactsLabelTest -->
  <testcase classname="com.crm.qa.testcases.ContactsPageTest" name="createNewContact" time="0.0">
    <ignored/>
  </testcase> <!-- createNewContact -->
  <testcase classname="com.crm.qa.testcases.ContactsPageTest" name="selectContctTest" time="0.0">
    <ignored/>
  </testcase> <!-- selectContctTest -->
</testsuite> <!-- Default test -->
