<?xml version="1.0" encoding="UTF-8"?>
<testng-results ignored="0" total="3" passed="3" failed="0" skipped="0">
  <reporter-output>
  </reporter-output>
  <suite started-at="2022-08-24T05:51:17Z" name="Default suite" finished-at="2022-08-24T05:51:43Z" duration-ms="25821">
    <groups>
    </groups>
    <test started-at="2022-08-24T05:51:17Z" name="Default test" finished-at="2022-08-24T05:51:43Z" duration-ms="25821">
      <class name="com.crm.qa.testcases.LoginPageTest">
        <test-method is-config="true" signature="setUp()[pri:0, instance:com.crm.qa.testcases.LoginPageTest@4ddbbdf8]" started-at="2022-08-24T05:51:17Z" name="setUp" finished-at="2022-08-24T05:51:24Z" duration-ms="7011" status="PASS">
          <reporter-output>
          </reporter-output>
        </test-method> <!-- setUp -->
        <test-method signature="loginPageTitleTest()[pri:1, instance:com.crm.qa.testcases.LoginPageTest@4ddbbdf8]" started-at="2022-08-24T05:51:24Z" name="loginPageTitleTest" finished-at="2022-08-24T05:51:24Z" duration-ms="23" status="PASS">
          <reporter-output>
          </reporter-output>
        </test-method> <!-- loginPageTitleTest -->
        <test-method is-config="true" signature="tearDown()[pri:0, instance:com.crm.qa.testcases.LoginPageTest@4ddbbdf8]" started-at="2022-08-24T05:51:24Z" name="tearDown" finished-at="2022-08-24T05:51:24Z" duration-ms="133" status="PASS">
          <reporter-output>
          </reporter-output>
        </test-method> <!-- tearDown -->
        <test-method is-config="true" signature="setUp()[pri:0, instance:com.crm.qa.testcases.LoginPageTest@4ddbbdf8]" started-at="2022-08-24T05:51:24Z" name="setUp" finished-at="2022-08-24T05:51:30Z" duration-ms="6093" status="PASS">
          <reporter-output>
          </reporter-output>
        </test-method> <!-- setUp -->
        <test-method signature="crmLogoImageTest()[pri:2, instance:com.crm.qa.testcases.LoginPageTest@4ddbbdf8]" started-at="2022-08-24T05:51:30Z" name="crmLogoImageTest" finished-at="2022-08-24T05:51:31Z" duration-ms="113" status="PASS">
          <reporter-output>
          </reporter-output>
        </test-method> <!-- crmLogoImageTest -->
        <test-method is-config="true" signature="tearDown()[pri:0, instance:com.crm.qa.testcases.LoginPageTest@4ddbbdf8]" started-at="2022-08-24T05:51:31Z" name="tearDown" finished-at="2022-08-24T05:51:31Z" duration-ms="75" status="PASS">
          <reporter-output>
          </reporter-output>
        </test-method> <!-- tearDown -->
        <test-method is-config="true" signature="setUp()[pri:0, instance:com.crm.qa.testcases.LoginPageTest@4ddbbdf8]" started-at="2022-08-24T05:51:31Z" name="setUp" finished-at="2022-08-24T05:51:36Z" duration-ms="5829" status="PASS">
          <reporter-output>
          </reporter-output>
        </test-method> <!-- setUp -->
        <test-method signature="loginTest()[pri:3, instance:com.crm.qa.testcases.LoginPageTest@4ddbbdf8]" started-at="2022-08-24T05:51:36Z" name="loginTest" finished-at="2022-08-24T05:51:43Z" duration-ms="6382" status="PASS">
          <reporter-output>
          </reporter-output>
        </test-method> <!-- loginTest -->
        <test-method is-config="true" signature="tearDown()[pri:0, instance:com.crm.qa.testcases.LoginPageTest@4ddbbdf8]" started-at="2022-08-24T05:51:43Z" name="tearDown" finished-at="2022-08-24T05:51:43Z" duration-ms="124" status="PASS">
          <reporter-output>
          </reporter-output>
        </test-method> <!-- tearDown -->
      </class> <!-- com.crm.qa.testcases.LoginPageTest -->
    </test> <!-- Default test -->
  </suite> <!-- Default suite -->
</testng-results>
