<?xml version="1.0" encoding="UTF-8"?>
<!-- Generated by org.testng.reporters.JUnitXMLReporter -->
<testsuite ignored="0" hostname="ranga" failures="1" tests="3" name="Test" time="34.767" errors="0" timestamp="24 Aug 2022 05:37:18 GMT">
  <testcase classname="com.crm.qa.testcases.ContactsPageTest" name="verifyContactsLabelTest" time="0.07"/>
  <testcase classname="com.crm.qa.testcases.HomePageTest" name="homePageTitleTest" time="0.007">
    <failure type="java.lang.AssertionError" message="CRMPRO expected:&amp;lt;CRMPRO&amp;gt; but was:&amp;lt;Home Page Title not matched.&amp;gt;">
      <![CDATA[java.lang.AssertionError: CRMPRO expected:<CRMPRO> but was:<Home Page Title not matched.>
at com.crm.qa.testcases.HomePageTest.homePageTitleTest(HomePageTest.java:42)
... Removed 26 stack frames]]>
    </failure>
  </testcase> <!-- homePageTitleTest -->
  <testcase classname="com.crm.qa.testcases.LoginPageTest" name="loginPageTitleTest" time="0.043"/>
</testsuite> <!-- Test -->
